Using pre-set license
Built from '2020.3/staging' branch; Version is '2020.3.20f1 (41c4e627c95f) revision 4310246'; Using compiler version '192528614'; Build Type 'Release'
OS: 'Windows 10 Home; OS build 19043.1348; Version 2009; 64bit' Language: 'en' Physical Memory: 16166 MB
BatchMode: 1, IsHumanControllingUs: 0, StartBugReporterOnCrash: 0, Is64bit: 1, IsPro: 0

COMMAND LINE ARGUMENTS:
C:\Program Files\Unity\Hub\Editor\2020.3.20f1\Editor\Unity.exe
-adb2
-batchMode
-noUpm
-name
AssetImportWorker0
-projectPath
D:/SFW/SchoolStuff/Unity/0G0L/0G0Life
-logFile
Logs/AssetImportWorker0.log
-srvPort
3091
Successfully changed project path to: D:/SFW/SchoolStuff/Unity/0G0L/0G0Life
D:/SFW/SchoolStuff/Unity/0G0L/0G0Life
Using Asset Import Pipeline V2.
Refreshing native plugins compatible for Editor in 58.48 ms, found 3 plugins.
Preloading 0 native plugins for Editor in 0.00 ms.
Initialize engine version: 2020.3.20f1 (41c4e627c95f)
[Subsystems] Discovering subsystems at path C:/Program Files/Unity/Hub/Editor/2020.3.20f1/Editor/Data/Resources/UnitySubsystems
[Subsystems] Discovering subsystems at path D:/SFW/SchoolStuff/Unity/0G0L/0G0Life/Assets
GfxDevice: creating device client; threaded=0
Direct3D:
    Version:  Direct3D 11.0 [level 11.1]
    Renderer: NVIDIA GeForce RTX 2060 (ID=0x1f15)
    Vendor:   
    VRAM:     5980 MB
    Driver:   30.0.14.9649
Initialize mono
Mono path[0] = 'C:/Program Files/Unity/Hub/Editor/2020.3.20f1/Editor/Data/Managed'
Mono path[1] = 'C:/Program Files/Unity/Hub/Editor/2020.3.20f1/Editor/Data/MonoBleedingEdge/lib/mono/unityjit'
Mono config path = 'C:/Program Files/Unity/Hub/Editor/2020.3.20f1/Editor/Data/MonoBleedingEdge/etc'
Using monoOptions --debugger-agent=transport=dt_socket,embedding=1,server=y,suspend=n,address=127.0.0.1:56380
Begin MonoManager ReloadAssembly
Registering precompiled unity dll's ...
Register platform support module: C:/Program Files/Unity/Hub/Editor/2020.3.20f1/Editor/Data/PlaybackEngines/WebGLSupport/UnityEditor.WebGL.Extensions.dll
Register platform support module: C:/Program Files/Unity/Hub/Editor/2020.3.20f1/Editor/Data/PlaybackEngines/WindowsStandaloneSupport/UnityEditor.WindowsStandalone.Extensions.dll
Registered in 0.002258 seconds.
Native extension for WindowsStandalone target not found
Native extension for WebGL target not found
Refreshing native plugins compatible for Editor in 53.15 ms, found 3 plugins.
Preloading 0 native plugins for Editor in 0.00 ms.
Mono: successfully reloaded assembly
- Completed reload, in  1.832 seconds
Domain Reload Profiling:
	ReloadAssembly (1832ms)
		BeginReloadAssembly (49ms)
			ExecutionOrderSort (0ms)
			DisableScriptedObjects (0ms)
			BackupInstance (0ms)
			ReleaseScriptingObjects (0ms)
			CreateAndSetChildDomain (1ms)
		EndReloadAssembly (431ms)
			LoadAssemblies (49ms)
			RebuildTransferFunctionScriptingTraits (0ms)
			SetupTypeCache (151ms)
			ReleaseScriptCaches (0ms)
			RebuildScriptCaches (30ms)
			SetupLoadedEditorAssemblies (176ms)
				LogAssemblyErrors (0ms)
				InitializePlatformSupportModulesInManaged (4ms)
				SetLoadedEditorAssemblies (0ms)
				RefreshPlugins (53ms)
				BeforeProcessingInitializeOnLoad (16ms)
				ProcessInitializeOnLoadAttributes (74ms)
				ProcessInitializeOnLoadMethodAttributes (28ms)
				AfterProcessingInitializeOnLoad (0ms)
				EditorAssembliesLoaded (0ms)
			ExecutionOrderSort2 (0ms)
			AwakeInstancesAfterBackupRestoration (0ms)
Platform modules already initialized, skipping
Registering precompiled user dll's ...
Registered in 0.001964 seconds.
Begin MonoManager ReloadAssembly
Native extension for WindowsStandalone target not found
Native extension for WebGL target not found
Refreshing native plugins compatible for Editor in 63.65 ms, found 3 plugins.
Preloading 0 native plugins for Editor in 0.00 ms.
Mono: successfully reloaded assembly
- Completed reload, in  1.115 seconds
Domain Reload Profiling:
	ReloadAssembly (1116ms)
		BeginReloadAssembly (135ms)
			ExecutionOrderSort (0ms)
			DisableScriptedObjects (4ms)
			BackupInstance (0ms)
			ReleaseScriptingObjects (0ms)
			CreateAndSetChildDomain (16ms)
		EndReloadAssembly (919ms)
			LoadAssemblies (87ms)
			RebuildTransferFunctionScriptingTraits (0ms)
			SetupTypeCache (287ms)
			ReleaseScriptCaches (0ms)
			RebuildScriptCaches (49ms)
			SetupLoadedEditorAssemblies (366ms)
				LogAssemblyErrors (0ms)
				InitializePlatformSupportModulesInManaged (6ms)
				SetLoadedEditorAssemblies (0ms)
				RefreshPlugins (64ms)
				BeforeProcessingInitializeOnLoad (80ms)
				ProcessInitializeOnLoadAttributes (197ms)
				ProcessInitializeOnLoadMethodAttributes (11ms)
				AfterProcessingInitializeOnLoad (7ms)
				EditorAssembliesLoaded (0ms)
			ExecutionOrderSort2 (0ms)
			AwakeInstancesAfterBackupRestoration (7ms)
Platform modules already initialized, skipping
========================================================================
Worker process is ready to serve import requests
Launched and connected shader compiler UnityShaderCompiler.exe after 0.06 seconds
Refreshing native plugins compatible for Editor in 0.57 ms, found 3 plugins.
Preloading 0 native plugins for Editor in 0.00 ms.
Unloading 2115 Unused Serialized files (Serialized files now loaded: 0)
System memory in use before: 98.2 MB.
System memory in use after: 98.3 MB.

Unloading 25 unused Assets to reduce memory usage. Loaded Objects now: 2557.
Total: 2.832900 ms (FindLiveObjects: 0.180300 ms CreateObjectMapping: 0.072400 ms MarkObjects: 2.557800 ms  DeleteObjects: 0.021500 ms)

AssetImportParameters requested are different than current active one (requested -> active):
  custom:framework-win-MediaFoundation: 216162199b28c13a410421893ffa2e32 -> 
  custom:video-decoder-ogg-theora: a1e56fd34408186e4bbccfd4996cb3dc -> 
  custom:container-muxer-webm: aa71ff27fc2769a1b78a27578f13a17b -> 
  custom:container-demuxer-webm: 4f35f7cbe854078d1ac9338744f61a02 -> 
  custom:container-demuxer-ogg: 62fdf1f143b41e24485cea50d1cbac27 -> 
  custom:video-encoder-webm-vp8: eb34c28f22e8b96e1ab97ce403110664 -> 
  custom:video-codec-MediaFoundation-h265: 746d11721c4dcdbdad8f713fa42b33f4 -> 
  custom:video-decoder-webm-vp8: 9c59270c3fd7afecdb556c50c9e8de78 -> 
  custom:audio-decoder-ogg-vorbis: bf7c407c2cedff20999df2af8eb42d56 -> 
  custom:audio-encoder-webm-vorbis: bf7c407c2cedff20999df2af8eb42d56 -> 
========================================================================
Received Import Request.
  path: Assets/GScenes/Lv2.unity
  artifactKey: Guid(4dfa51c292ae1a74098e612d4ec3cbde) Importer(815301076,1909f56bfc062723c751e8b465ee728b)
Start importing Assets/GScenes/Lv2.unity using Guid(4dfa51c292ae1a74098e612d4ec3cbde) Importer(815301076,1909f56bfc062723c751e8b465ee728b)  -> (artifact id: '70be159a0a4c37f950bd3dc4c13865ef') in 0.016027 seconds 
  Import took 0.020470 seconds .

========================================================================
Received Import Request.
  Time since last request: 153.329729 seconds.
  path: Assets/Environmnent/cyberpunk city 2 files 1/cyberpunk city 2 files/Environmet
  artifactKey: Guid(2b27bcaa653e9f3468ac0839237da547) Importer(815301076,1909f56bfc062723c751e8b465ee728b)
Start importing Assets/Environmnent/cyberpunk city 2 files 1/cyberpunk city 2 files/Environmet using Guid(2b27bcaa653e9f3468ac0839237da547) Importer(815301076,1909f56bfc062723c751e8b465ee728b)  -> (artifact id: 'd423025e38d4d4bf0cf8f4e521f92c59') in 0.011173 seconds 
  Import took 0.056095 seconds .

========================================================================
Received Import Request.
  Time since last request: 0.000361 seconds.
  path: Assets/Environmnent/cyberpunk city 2 files 1/cyberpunk city 2 files/Environmet/tileset.png
  artifactKey: Guid(7f772606b9fdfbf418e4ef88afbffc8d) Importer(815301076,1909f56bfc062723c751e8b465ee728b)
Start importing Assets/Environmnent/cyberpunk city 2 files 1/cyberpunk city 2 files/Environmet/tileset.png using Guid(7f772606b9fdfbf418e4ef88afbffc8d) Importer(815301076,1909f56bfc062723c751e8b465ee728b)  -> (artifact id: '534424e0646ede65078d75ad7a8a5fee') in 0.173245 seconds 
  Import took 0.197127 seconds .

========================================================================
Received Import Request.
  Time since last request: 2.863398 seconds.
  path: Assets/Environmnent/cyberpunk city 2 files 1/cyberpunk city 2 files/Environmet/props
  artifactKey: Guid(adaa1ae144e7eee40a9f586a71657d6a) Importer(815301076,1909f56bfc062723c751e8b465ee728b)
Start importing Assets/Environmnent/cyberpunk city 2 files 1/cyberpunk city 2 files/Environmet/props using Guid(adaa1ae144e7eee40a9f586a71657d6a) Importer(815301076,1909f56bfc062723c751e8b465ee728b)  -> (artifact id: 'dfb547623def2ba50cd6455deb1e58d1') in 0.010902 seconds 
  Import took 0.038343 seconds .

========================================================================
Received Import Request.
  Time since last request: 15.447454 seconds.
  path: Assets/Environmnent/cyberpunk city 2 files 1/cyberpunk city 2 files/Environmet/props/banner-a/banner-a1.png
  artifactKey: Guid(8c556eef97dfa5f4c8b7913b0ac5852d) Importer(815301076,1909f56bfc062723c751e8b465ee728b)
Start importing Assets/Environmnent/cyberpunk city 2 files 1/cyberpunk city 2 files/Environmet/props/banner-a/banner-a1.png using Guid(8c556eef97dfa5f4c8b7913b0ac5852d) Importer(815301076,1909f56bfc062723c751e8b465ee728b)  -> (artifact id: 'fe4bb9b84989d4ee1be4359e4cf72b0d') in 0.015254 seconds 
  Import took 0.045637 seconds .

========================================================================
Received Import Request.
  Time since last request: 0.000198 seconds.
  path: Assets/Environmnent/cyberpunk city 2 files 1/cyberpunk city 2 files/Environmet/props/banner-a/banner-a3.png
  artifactKey: Guid(7451d9c0db4806d439c047cfc93002ab) Importer(815301076,1909f56bfc062723c751e8b465ee728b)
Start importing Assets/Environmnent/cyberpunk city 2 files 1/cyberpunk city 2 files/Environmet/props/banner-a/banner-a3.png using Guid(7451d9c0db4806d439c047cfc93002ab) Importer(815301076,1909f56bfc062723c751e8b465ee728b)  -> (artifact id: '73bf17ea689f7b0ef00bd3d16391211e') in 0.043741 seconds 
  Import took 0.073252 seconds .

========================================================================
Received Import Request.
  Time since last request: 0.000241 seconds.
  path: Assets/Environmnent/cyberpunk city 2 files 1/cyberpunk city 2 files/Environmet/props/banner-a/banner-a2.png
  artifactKey: Guid(0d5155327c106774d82943e60e71a9d3) Importer(815301076,1909f56bfc062723c751e8b465ee728b)
Start importing Assets/Environmnent/cyberpunk city 2 files 1/cyberpunk city 2 files/Environmet/props/banner-a/banner-a2.png using Guid(0d5155327c106774d82943e60e71a9d3) Importer(815301076,1909f56bfc062723c751e8b465ee728b)  -> (artifact id: '216b7ae7fb46fa94403b3e66e53b0840') in 0.038073 seconds 
  Import took 0.057089 seconds .

========================================================================
Received Import Request.
  Time since last request: 0.000191 seconds.
  path: Assets/Environmnent/cyberpunk city 2 files 1/cyberpunk city 2 files/Environmet/props/banner-a/banner-a4.png
  artifactKey: Guid(7a826df54d102de4f836d3f001728057) Importer(815301076,1909f56bfc062723c751e8b465ee728b)
Start importing Assets/Environmnent/cyberpunk city 2 files 1/cyberpunk city 2 files/Environmet/props/banner-a/banner-a4.png using Guid(7a826df54d102de4f836d3f001728057) Importer(815301076,1909f56bfc062723c751e8b465ee728b)  -> (artifact id: '3580f9b7f7bf8f4cfea81f952b24bba6') in 0.043881 seconds 
  Import took 0.046934 seconds .

========================================================================
Received Import Request.
  Time since last request: 0.167909 seconds.
  path: Assets/Environmnent/cyberpunk city 2 files 1/cyberpunk city 2 files/Environmet/props/banner-c/banner-c1.png
  artifactKey: Guid(0684f56e595a45d4b9081abcdbc1bd2b) Importer(815301076,1909f56bfc062723c751e8b465ee728b)
Start importing Assets/Environmnent/cyberpunk city 2 files 1/cyberpunk city 2 files/Environmet/props/banner-c/banner-c1.png using Guid(0684f56e595a45d4b9081abcdbc1bd2b) Importer(815301076,1909f56bfc062723c751e8b465ee728b)  -> (artifact id: '7d07a8b9d57d1a5df5387982dd12eea9') in 0.031342 seconds 
  Import took 0.035030 seconds .

========================================================================
Received Import Request.
  Time since last request: 0.000155 seconds.
  path: Assets/Environmnent/cyberpunk city 2 files 1/cyberpunk city 2 files/Environmet/props/banner-c/banner-c2.png
  artifactKey: Guid(acf2d82f6efb4d94e8da99b4ff9e66a2) Importer(815301076,1909f56bfc062723c751e8b465ee728b)
Start importing Assets/Environmnent/cyberpunk city 2 files 1/cyberpunk city 2 files/Environmet/props/banner-c/banner-c2.png using Guid(acf2d82f6efb4d94e8da99b4ff9e66a2) Importer(815301076,1909f56bfc062723c751e8b465ee728b)  -> (artifact id: 'a31d80dd6b72296d129d8245eca4d19f') in 0.036085 seconds 
  Import took 0.055013 seconds .

========================================================================
Received Import Request.
  Time since last request: 0.000177 seconds.
  path: Assets/Environmnent/cyberpunk city 2 files 1/cyberpunk city 2 files/Environmet/props/banner-c/banner-c4.png
  artifactKey: Guid(9320fbffa4aa5724c9898ac3ad36339c) Importer(815301076,1909f56bfc062723c751e8b465ee728b)
Start importing Assets/Environmnent/cyberpunk city 2 files 1/cyberpunk city 2 files/Environmet/props/banner-c/banner-c4.png using Guid(9320fbffa4aa5724c9898ac3ad36339c) Importer(815301076,1909f56bfc062723c751e8b465ee728b)  -> (artifact id: '53e5e43d0b79e8cc53815365bd1ef441') in 0.059566 seconds 
  Import took 0.062618 seconds .

========================================================================
Received Import Request.
  Time since last request: 0.000160 seconds.
  path: Assets/Environmnent/cyberpunk city 2 files 1/cyberpunk city 2 files/Environmet/props/banner-c/banner-c3.png
  artifactKey: Guid(0863a9876f788c1478c3ee9e678562a0) Importer(815301076,1909f56bfc062723c751e8b465ee728b)
Start importing Assets/Environmnent/cyberpunk city 2 files 1/cyberpunk city 2 files/Environmet/props/banner-c/banner-c3.png using Guid(0863a9876f788c1478c3ee9e678562a0) Importer(815301076,1909f56bfc062723c751e8b465ee728b)  -> (artifact id: '6ebdbb821bb219c010bdf0a9920c09e5') in 0.041103 seconds 
  Import took 0.044288 seconds .

========================================================================
Received Import Request.
  Time since last request: 0.168750 seconds.
  path: Assets/Environmnent/cyberpunk city 2 files 1/cyberpunk city 2 files/Environmet/props/banner-e/banner-e1.png
  artifactKey: Guid(1f41aed398e86c949a521257700c1854) Importer(815301076,1909f56bfc062723c751e8b465ee728b)
Start importing Assets/Environmnent/cyberpunk city 2 files 1/cyberpunk city 2 files/Environmet/props/banner-e/banner-e1.png using Guid(1f41aed398e86c949a521257700c1854) Importer(815301076,1909f56bfc062723c751e8b465ee728b)  -> (artifact id: '1cfe869e11d7cb2c593f7590e8c2e51f') in 0.030425 seconds 
  Import took 0.034459 seconds .

========================================================================
Received Import Request.
  Time since last request: 0.000162 seconds.
  path: Assets/Environmnent/cyberpunk city 2 files 1/cyberpunk city 2 files/Environmet/props/banner-e/banner-e3.png
  artifactKey: Guid(d175125e4e55a594aab2de9909d61463) Importer(815301076,1909f56bfc062723c751e8b465ee728b)
Start importing Assets/Environmnent/cyberpunk city 2 files 1/cyberpunk city 2 files/Environmet/props/banner-e/banner-e3.png using Guid(d175125e4e55a594aab2de9909d61463) Importer(815301076,1909f56bfc062723c751e8b465ee728b)  -> (artifact id: 'a6d81adf93223394a234e6be1dad5c41') in 0.040006 seconds 
  Import took 0.075597 seconds .

========================================================================
Received Import Request.
  Time since last request: 0.000161 seconds.
  path: Assets/Environmnent/cyberpunk city 2 files 1/cyberpunk city 2 files/Environmet/props/banner-e/banner-e4.png
  artifactKey: Guid(f988429aa1306ff4c9c828d6d0fabddc) Importer(815301076,1909f56bfc062723c751e8b465ee728b)
Start importing Assets/Environmnent/cyberpunk city 2 files 1/cyberpunk city 2 files/Environmet/props/banner-e/banner-e4.png using Guid(f988429aa1306ff4c9c828d6d0fabddc) Importer(815301076,1909f56bfc062723c751e8b465ee728b)  -> (artifact id: '2a7dd4d9d651740d68c48ec46e946207') in 0.042399 seconds 
  Import took 0.045988 seconds .

========================================================================
Received Import Request.
  Time since last request: 0.000226 seconds.
  path: Assets/Environmnent/cyberpunk city 2 files 1/cyberpunk city 2 files/Environmet/props/banner-e/banner-e2.png
  artifactKey: Guid(8c9b382eb01097e488f578536ff2ae67) Importer(815301076,1909f56bfc062723c751e8b465ee728b)
Start importing Assets/Environmnent/cyberpunk city 2 files 1/cyberpunk city 2 files/Environmet/props/banner-e/banner-e2.png using Guid(8c9b382eb01097e488f578536ff2ae67) Importer(815301076,1909f56bfc062723c751e8b465ee728b)  -> (artifact id: '15adbb05ad5e211499ae30f270063717') in 0.043281 seconds 
  Import took 0.062608 seconds .

========================================================================
Received Import Request.
  Time since last request: 0.999466 seconds.
  path: Assets/Environmnent/cyberpunk city 2 files 1/cyberpunk city 2 files/Environmet/props/lights/lights1.png
  artifactKey: Guid(e38d3fdd025bc6e44b2782fe7f743c99) Importer(815301076,1909f56bfc062723c751e8b465ee728b)
Start importing Assets/Environmnent/cyberpunk city 2 files 1/cyberpunk city 2 files/Environmet/props/lights/lights1.png using Guid(e38d3fdd025bc6e44b2782fe7f743c99) Importer(815301076,1909f56bfc062723c751e8b465ee728b)  -> (artifact id: 'ce158667a233cc8cb71422f7de98f9a3') in 0.036938 seconds 
  Import took 0.040767 seconds .

========================================================================
Received Import Request.
  Time since last request: 0.000191 seconds.
  path: Assets/Environmnent/cyberpunk city 2 files 1/cyberpunk city 2 files/Environmet/props/lights/lights3.png
  artifactKey: Guid(73578b6a5da385d4088b641edb0dcb40) Importer(815301076,1909f56bfc062723c751e8b465ee728b)
Start importing Assets/Environmnent/cyberpunk city 2 files 1/cyberpunk city 2 files/Environmet/props/lights/lights3.png using Guid(73578b6a5da385d4088b641edb0dcb40) Importer(815301076,1909f56bfc062723c751e8b465ee728b)  -> (artifact id: 'c4c59839bdbef62da0026ef38de2a88c') in 0.038177 seconds 
  Import took 0.074881 seconds .

========================================================================
Received Import Request.
  Time since last request: 0.000236 seconds.
  path: Assets/Environmnent/cyberpunk city 2 files 1/cyberpunk city 2 files/Environmet/props/lights/lights2.png
  artifactKey: Guid(6e894075de8a9484d8777694a0bd178e) Importer(815301076,1909f56bfc062723c751e8b465ee728b)
Start importing Assets/Environmnent/cyberpunk city 2 files 1/cyberpunk city 2 files/Environmet/props/lights/lights2.png using Guid(6e894075de8a9484d8777694a0bd178e) Importer(815301076,1909f56bfc062723c751e8b465ee728b)  -> (artifact id: '1237ee1aea0baba3d71013c3ec389439') in 0.045917 seconds 
  Import took 0.074926 seconds .

========================================================================
Received Import Request.
  Time since last request: 0.000186 seconds.
  path: Assets/Environmnent/cyberpunk city 2 files 1/cyberpunk city 2 files/Environmet/props/lights/lights4.png
  artifactKey: Guid(3453b4b74cf5d794fb19f9f1560fd9e4) Importer(815301076,1909f56bfc062723c751e8b465ee728b)
Start importing Assets/Environmnent/cyberpunk city 2 files 1/cyberpunk city 2 files/Environmet/props/lights/lights4.png using Guid(3453b4b74cf5d794fb19f9f1560fd9e4) Importer(815301076,1909f56bfc062723c751e8b465ee728b)  -> (artifact id: '2114917c3ff93062a957d61c1f3f050a') in 0.042290 seconds 
  Import took 0.045944 seconds .

========================================================================
Received Import Request.
  Time since last request: 1.557547 seconds.
  path: Assets/Environmnent/cyberpunk city 2 files 1/cyberpunk city 2 files/Environmet/background/Materials/front.mat
  artifactKey: Guid(e30c1cbc78c46f1498c805835e773dd3) Importer(815301076,1909f56bfc062723c751e8b465ee728b)
Start importing Assets/Environmnent/cyberpunk city 2 files 1/cyberpunk city 2 files/Environmet/background/Materials/front.mat using Guid(e30c1cbc78c46f1498c805835e773dd3) Importer(815301076,1909f56bfc062723c751e8b465ee728b)  -> (artifact id: 'd56534abeb90905b7c7e46fc42413225') in 0.107904 seconds 
  Import took 0.132923 seconds .

========================================================================
Received Import Request.
  Time since last request: 0.408044 seconds.
  path: Assets/Environmnent/cyberpunk city 2 files 1/cyberpunk city 2 files/Environmet/background/back.png
  artifactKey: Guid(8bf57ba1ce13e8e49a386edb54a38536) Importer(815301076,1909f56bfc062723c751e8b465ee728b)
Start importing Assets/Environmnent/cyberpunk city 2 files 1/cyberpunk city 2 files/Environmet/background/back.png using Guid(8bf57ba1ce13e8e49a386edb54a38536) Importer(815301076,1909f56bfc062723c751e8b465ee728b)  -> (artifact id: 'f44954c36d65dea9c3d8501d254436f4') in 0.039442 seconds 
  Import took 0.059812 seconds .

========================================================================
Received Import Request.
  Time since last request: 0.000347 seconds.
  path: Assets/Environmnent/cyberpunk city 2 files 1/cyberpunk city 2 files/Environmet/background/middle.png
  artifactKey: Guid(361f4551882493e49b62306ac34b9851) Importer(815301076,1909f56bfc062723c751e8b465ee728b)
Start importing Assets/Environmnent/cyberpunk city 2 files 1/cyberpunk city 2 files/Environmet/background/middle.png using Guid(361f4551882493e49b62306ac34b9851) Importer(815301076,1909f56bfc062723c751e8b465ee728b)  -> (artifact id: 'd056b1c7e0c3939510fd2fb1a735d45d') in 0.045956 seconds 
  Import took 0.049562 seconds .

========================================================================
Received Import Request.
  Time since last request: 0.000431 seconds.
  path: Assets/Environmnent/cyberpunk city 2 files 1/cyberpunk city 2 files/Environmet/background/cyberpunk-city-2-back-preview.png
  artifactKey: Guid(2f7a51a76981fc040997f571b314e8d7) Importer(815301076,1909f56bfc062723c751e8b465ee728b)
Start importing Assets/Environmnent/cyberpunk city 2 files 1/cyberpunk city 2 files/Environmet/background/cyberpunk-city-2-back-preview.png using Guid(2f7a51a76981fc040997f571b314e8d7) Importer(815301076,1909f56bfc062723c751e8b465ee728b)  -> (artifact id: '8c8cff872e7507ad121470d880819541') in 0.079899 seconds 
  Import took 0.084081 seconds .

========================================================================
Received Import Request.
  Time since last request: 0.000154 seconds.
  path: Assets/Environmnent/cyberpunk city 2 files 1/cyberpunk city 2 files/Environmet/background/front.png
  artifactKey: Guid(370af08e5c638d1439c982ea09bae226) Importer(815301076,1909f56bfc062723c751e8b465ee728b)
Start importing Assets/Environmnent/cyberpunk city 2 files 1/cyberpunk city 2 files/Environmet/background/front.png using Guid(370af08e5c638d1439c982ea09bae226) Importer(815301076,1909f56bfc062723c751e8b465ee728b)  -> (artifact id: '27e9ad6663e96c69f67e89d33d8145f5') in 0.034304 seconds 
  Import took 0.041596 seconds .

========================================================================
Received Import Request.
  Time since last request: 35.455739 seconds.
  path: Packages/com.unity.ext.nunit/package.json
  artifactKey: Guid(8143d3a8390f2c64685e3bc272bd9e90) Importer(815301076,1909f56bfc062723c751e8b465ee728b)
Start importing Packages/com.unity.ext.nunit/package.json using Guid(8143d3a8390f2c64685e3bc272bd9e90) Importer(815301076,1909f56bfc062723c751e8b465ee728b)  -> (artifact id: '36f449bd9ed4a92e06d659da724da745') in 0.043090 seconds 
  Import took 0.046586 seconds .

========================================================================
Received Import Request.
  Time since last request: 0.401633 seconds.
  path: Packages/com.unity.ide.rider/package.json
  artifactKey: Guid(66c95bb3c74257f41bae2622511dc02d) Importer(815301076,1909f56bfc062723c751e8b465ee728b)
Start importing Packages/com.unity.ide.rider/package.json using Guid(66c95bb3c74257f41bae2622511dc02d) Importer(815301076,1909f56bfc062723c751e8b465ee728b)  -> (artifact id: 'ff96f7b61e94a0dc9b975679be81ead9') in 0.035450 seconds 
  Import took 0.064937 seconds .

========================================================================
Received Import Request.
  Time since last request: 0.338636 seconds.
  path: Packages/com.unity.test-framework/package.json
  artifactKey: Guid(d6a2e6e4803de7b43baacdc355fc144d) Importer(815301076,1909f56bfc062723c751e8b465ee728b)
Start importing Packages/com.unity.test-framework/package.json using Guid(d6a2e6e4803de7b43baacdc355fc144d) Importer(815301076,1909f56bfc062723c751e8b465ee728b)  -> (artifact id: '348d0090788821c173ed5a91192d97b9') in 0.030943 seconds 
  Import took 0.034986 seconds .

========================================================================
Received Import Request.
  Time since last request: 0.372841 seconds.
  path: Packages/com.unity.textmeshpro/package.json
  artifactKey: Guid(220e9325710f4235a43492dd1ee4980d) Importer(815301076,1909f56bfc062723c751e8b465ee728b)
Start importing Packages/com.unity.textmeshpro/package.json using Guid(220e9325710f4235a43492dd1ee4980d) Importer(815301076,1909f56bfc062723c751e8b465ee728b)  -> (artifact id: '2c6d4de5db3a39bcb3575c98dc9df750') in 0.031748 seconds 
  Import took 0.072433 seconds .

========================================================================
Received Import Request.
  Time since last request: 0.306725 seconds.
  path: Packages/com.unity.timeline/package.json
  artifactKey: Guid(13a9c1b4df2e489e8eb9cacca7429596) Importer(815301076,1909f56bfc062723c751e8b465ee728b)
Start importing Packages/com.unity.timeline/package.json using Guid(13a9c1b4df2e489e8eb9cacca7429596) Importer(815301076,1909f56bfc062723c751e8b465ee728b)  -> (artifact id: '82c6c08db8f434b9305b26de0687e812') in 0.081092 seconds 
  Import took 0.098287 seconds .

========================================================================
Received Import Request.
  Time since last request: 0.210467 seconds.
  path: Packages/com.unity.collab-proxy/package.json
  artifactKey: Guid(743fda8c4b219c8429fb5a77ede1c879) Importer(815301076,1909f56bfc062723c751e8b465ee728b)
Start importing Packages/com.unity.collab-proxy/package.json using Guid(743fda8c4b219c8429fb5a77ede1c879) Importer(815301076,1909f56bfc062723c751e8b465ee728b)  -> (artifact id: '956d3c14e1a874b6576bc317584e242f') in 0.017538 seconds 
  Import took 0.071333 seconds .

========================================================================
Received Import Request.
  Time since last request: 0.264279 seconds.
  path: Packages/com.unity.ide.vscode/package.json
  artifactKey: Guid(ffc6271f08270b64ca0aae9c49235d81) Importer(815301076,1909f56bfc062723c751e8b465ee728b)
Start importing Packages/com.unity.ide.vscode/package.json using Guid(ffc6271f08270b64ca0aae9c49235d81) Importer(815301076,1909f56bfc062723c751e8b465ee728b)  -> (artifact id: 'fc2eb58b715695d862cee57d9b6e36af') in 0.058488 seconds 
  Import took 0.062589 seconds .

========================================================================
Received Import Request.
  Time since last request: 0.926821 seconds.
  path: Packages/com.unity.2d.path/package.json
  artifactKey: Guid(990785fe75c54584ab4201a3e20e1655) Importer(815301076,1909f56bfc062723c751e8b465ee728b)
Start importing Packages/com.unity.2d.path/package.json using Guid(990785fe75c54584ab4201a3e20e1655) Importer(815301076,1909f56bfc062723c751e8b465ee728b)  -> (artifact id: 'fe5d99fbc4c8faa1672fe316120be7b3') in 0.030765 seconds 
  Import took 0.034129 seconds .

========================================================================
Received Import Request.
  Time since last request: 0.381497 seconds.
  path: Packages/com.unity.2d.common/package.json
  artifactKey: Guid(68f1917ec3cac45b080c26153375c2bb) Importer(815301076,1909f56bfc062723c751e8b465ee728b)
Start importing Packages/com.unity.2d.common/package.json using Guid(68f1917ec3cac45b080c26153375c2bb) Importer(815301076,1909f56bfc062723c751e8b465ee728b)  -> (artifact id: 'bcdb1d9f21cd3ec447b7f1a49f5c4f7c') in 0.024328 seconds 
  Import took 0.060548 seconds .

========================================================================
Received Import Request.
  Time since last request: 0.259467 seconds.
  path: Packages/com.unity.2d.animation/package.json
  artifactKey: Guid(9e83c20a8293f44ec8a375d3805f477d) Importer(815301076,1909f56bfc062723c751e8b465ee728b)
Start importing Packages/com.unity.2d.animation/package.json using Guid(9e83c20a8293f44ec8a375d3805f477d) Importer(815301076,1909f56bfc062723c751e8b465ee728b)  -> (artifact id: '519ad1bf8fe5f847ba8bc5d602dfca65') in 0.080996 seconds 
  Import took 0.103582 seconds .

========================================================================
Received Import Request.
  Time since last request: 3.106793 seconds.
  path: Assets/TilePalette/New Palette.prefab
  artifactKey: Guid(6fe50bdee90566c4baaf85520181b673) Importer(815301076,1909f56bfc062723c751e8b465ee728b)
Start importing Assets/TilePalette/New Palette.prefab using Guid(6fe50bdee90566c4baaf85520181b673) Importer(815301076,1909f56bfc062723c751e8b465ee728b)  -> (artifact id: '9db28311f06a3fb1dff08f9f4f7da635') in 0.030402 seconds 
  Import took 0.064853 seconds .

========================================================================
Received Import Request.
  Time since last request: 0.000252 seconds.
  path: Assets/TilePalette/tileset_2.asset
  artifactKey: Guid(5e2c360c85a222640aa875b4fef4aed0) Importer(815301076,1909f56bfc062723c751e8b465ee728b)
Start importing Assets/TilePalette/tileset_2.asset using Guid(5e2c360c85a222640aa875b4fef4aed0) Importer(815301076,1909f56bfc062723c751e8b465ee728b)  -> (artifact id: '488ca86196254ff3df5d0992017740a9') in 0.040976 seconds 
  Import took 0.057261 seconds .

========================================================================
Received Import Request.
  Time since last request: 0.000210 seconds.
  path: Assets/TilePalette/tileset_5.asset
  artifactKey: Guid(b8afef7f042c7784490603f3daf018e8) Importer(815301076,1909f56bfc062723c751e8b465ee728b)
Start importing Assets/TilePalette/tileset_5.asset using Guid(b8afef7f042c7784490603f3daf018e8) Importer(815301076,1909f56bfc062723c751e8b465ee728b)  -> (artifact id: '4392fd00fc4ba6e4562b4f9fad62df01') in 0.011447 seconds 
  Import took 0.016035 seconds .

========================================================================
Received Import Request.
  Time since last request: 0.000241 seconds.
  path: Assets/TilePalette/platform.prefab
  artifactKey: Guid(a4ccf0d9c79ee69429d07d4b7acfe9dd) Importer(815301076,1909f56bfc062723c751e8b465ee728b)
Start importing Assets/TilePalette/platform.prefab using Guid(a4ccf0d9c79ee69429d07d4b7acfe9dd) Importer(815301076,1909f56bfc062723c751e8b465ee728b)  -> (artifact id: 'c80af33bd5618f3a4b250014e71a5b0a') in 0.032187 seconds 
  Import took 0.168232 seconds .

========================================================================
Received Import Request.
  Time since last request: 0.000212 seconds.
  path: Assets/TilePalette/tileset_0.asset
  artifactKey: Guid(9581c7f7ffe702c4fa1a497b8458c7c2) Importer(815301076,1909f56bfc062723c751e8b465ee728b)
Start importing Assets/TilePalette/tileset_0.asset using Guid(9581c7f7ffe702c4fa1a497b8458c7c2) Importer(815301076,1909f56bfc062723c751e8b465ee728b)  -> (artifact id: 'ae2c5d3ad3ce61f8cea16b2ae80d38f7') in 0.015166 seconds 
  Import took 0.021019 seconds .

========================================================================
Received Import Request.
  Time since last request: 0.000381 seconds.
  path: Assets/TilePalette/tileset_18.asset
  artifactKey: Guid(807d5ccdc1fa93c4baf156a106f132be) Importer(815301076,1909f56bfc062723c751e8b465ee728b)
Start importing Assets/TilePalette/tileset_18.asset using Guid(807d5ccdc1fa93c4baf156a106f132be) Importer(815301076,1909f56bfc062723c751e8b465ee728b)  -> (artifact id: '464090b1f460201722e0fd33f66bd3fd') in 0.072957 seconds 
  Import took 0.078213 seconds .

========================================================================
Received Import Request.
  Time since last request: 0.000206 seconds.
  path: Assets/TilePalette/tileset_1.asset
  artifactKey: Guid(94652e6d7eaaba846a2a7dda14bc9396) Importer(815301076,1909f56bfc062723c751e8b465ee728b)
Start importing Assets/TilePalette/tileset_1.asset using Guid(94652e6d7eaaba846a2a7dda14bc9396) Importer(815301076,1909f56bfc062723c751e8b465ee728b)  -> (artifact id: 'b965134992b2696752bbd8f8ee9957a9') in 0.015616 seconds 
  Import took 0.020267 seconds .

========================================================================
Received Import Request.
  Time since last request: 0.000664 seconds.
  path: Assets/Texture/StartedSky.mat
  artifactKey: Guid(3f38ad2845f789c4692172ec8f245283) Importer(815301076,1909f56bfc062723c751e8b465ee728b)
Start importing Assets/Texture/StartedSky.mat using Guid(3f38ad2845f789c4692172ec8f245283) Importer(815301076,1909f56bfc062723c751e8b465ee728b)  -> (artifact id: 'b7c45447b45ae5a4a1efd6df80be4a2a') in 0.054592 seconds 
  Import took 0.059171 seconds .

========================================================================
Received Import Request.
  Time since last request: 0.000194 seconds.
  path: Assets/Texture/New Material.mat
  artifactKey: Guid(749bb63a75e94e24ca1d09d7327bdc6b) Importer(815301076,1909f56bfc062723c751e8b465ee728b)
Start importing Assets/Texture/New Material.mat using Guid(749bb63a75e94e24ca1d09d7327bdc6b) Importer(815301076,1909f56bfc062723c751e8b465ee728b)  -> (artifact id: '33aa9beccd7653a57682ce80b978feaa') in 0.027235 seconds 
  Import took 0.053425 seconds .

========================================================================
Received Import Request.
  Time since last request: 7.110799 seconds.
  path: Assets/TextFont/Thaleah_PixelFont/ThaleahFat.fontsettings
  artifactKey: Guid(652f7165b7c30ab46af6c4aad90a639b) Importer(815301076,1909f56bfc062723c751e8b465ee728b)
Start importing Assets/TextFont/Thaleah_PixelFont/ThaleahFat.fontsettings using Guid(652f7165b7c30ab46af6c4aad90a639b) Importer(815301076,1909f56bfc062723c751e8b465ee728b)  -> (artifact id: '1c537616541bfe125b15e4120b1d9277') in 0.009275 seconds 
  Import took 0.033797 seconds .

========================================================================
Received Import Request.
  Time since last request: 1.327028 seconds.
  path: Assets/Script/NPCDialogue.asset
  artifactKey: Guid(956b6176d6cf68e4384ecab3aa44868c) Importer(815301076,1909f56bfc062723c751e8b465ee728b)
Start importing Assets/Script/NPCDialogue.asset using Guid(956b6176d6cf68e4384ecab3aa44868c) Importer(815301076,1909f56bfc062723c751e8b465ee728b)  -> (artifact id: '8f1da818f49a1bd1c9f324e27f53ed07') in 0.006313 seconds 
  Import took 0.010544 seconds .

========================================================================
Received Import Request.
  Time since last request: 0.869018 seconds.
  path: Assets/IconP/1605848512220.jpg
  artifactKey: Guid(ea253ab4acad8a845a5acc85473db3a8) Importer(815301076,1909f56bfc062723c751e8b465ee728b)
Start importing Assets/IconP/1605848512220.jpg using Guid(ea253ab4acad8a845a5acc85473db3a8) Importer(815301076,1909f56bfc062723c751e8b465ee728b)  -> (artifact id: '7ea01f4587d7c78991590f9fac4c8b27') in 0.097424 seconds 
  Import took 0.123852 seconds .

========================================================================
Received Import Request.
  Time since last request: 0.000170 seconds.
  path: Assets/IconP/sword.png
  artifactKey: Guid(d56f67e7ac4d57a4d9763e2b9a27dcac) Importer(815301076,1909f56bfc062723c751e8b465ee728b)
Start importing Assets/IconP/sword.png using Guid(d56f67e7ac4d57a4d9763e2b9a27dcac) Importer(815301076,1909f56bfc062723c751e8b465ee728b)  -> (artifact id: 'a78634986d76954fc60fb894f96e195e') in 0.045579 seconds 
  Import took 0.065920 seconds .

========================================================================
Received Import Request.
  Time since last request: 0.000158 seconds.
  path: Assets/IconP/play.png
  artifactKey: Guid(06c633a833f295b49a7fe59aca59c5b3) Importer(815301076,1909f56bfc062723c751e8b465ee728b)
Start importing Assets/IconP/play.png using Guid(06c633a833f295b49a7fe59aca59c5b3) Importer(815301076,1909f56bfc062723c751e8b465ee728b)  -> (artifact id: 'd0e08d2efe591a4fb72c638c52091c6b') in 0.043005 seconds 
  Import took 0.048070 seconds .

========================================================================
Received Import Request.
  Time since last request: 0.000363 seconds.
  path: Assets/IconP/play 1.png
  artifactKey: Guid(938c020373feee24ab863742fd7dec52) Importer(815301076,1909f56bfc062723c751e8b465ee728b)
Start importing Assets/IconP/play 1.png using Guid(938c020373feee24ab863742fd7dec52) Importer(815301076,1909f56bfc062723c751e8b465ee728b)  -> (artifact id: '8b66f9927fb838af3d2898ce59d189f3') in 0.037690 seconds 
  Import took 0.042879 seconds .

========================================================================
Received Import Request.
  Time since last request: 0.000301 seconds.
  path: Assets/IconP/sword (2).png
  artifactKey: Guid(7091392594a848a4190e2bafbfb14647) Importer(815301076,1909f56bfc062723c751e8b465ee728b)
Start importing Assets/IconP/sword (2).png using Guid(7091392594a848a4190e2bafbfb14647) Importer(815301076,1909f56bfc062723c751e8b465ee728b)  -> (artifact id: '8bad119dc97d821a651c437e0d888736') in 0.044579 seconds 
  Import took 0.048238 seconds .

========================================================================
Received Import Request.
  Time since last request: 0.000191 seconds.
  path: Assets/IconP/sword (1).png
  artifactKey: Guid(994d4e89c8d9b764a8a1934c77e0f405) Importer(815301076,1909f56bfc062723c751e8b465ee728b)
Start importing Assets/IconP/sword (1).png using Guid(994d4e89c8d9b764a8a1934c77e0f405) Importer(815301076,1909f56bfc062723c751e8b465ee728b)  -> (artifact id: 'ce19477894cb2537cc8facc0babd3db6') in 0.053158 seconds 
  Import took 0.059015 seconds .

========================================================================
Received Import Request.
  Time since last request: 0.000204 seconds.
  path: Assets/Healthbar-Example/NewObject-1-7.png
  artifactKey: Guid(0b638a39ae4087f4bb19026bceade5e6) Importer(815301076,1909f56bfc062723c751e8b465ee728b)
Start importing Assets/Healthbar-Example/NewObject-1-7.png using Guid(0b638a39ae4087f4bb19026bceade5e6) Importer(815301076,1909f56bfc062723c751e8b465ee728b)  -> (artifact id: 'f5d6bbe1391c64c63cd4a006a9bfc865') in 0.041556 seconds 
  Import took 0.045773 seconds .

========================================================================
Received Import Request.
  Time since last request: 0.000195 seconds.
  path: Assets/Healthbar-Example/NewObject-1-10.png
  artifactKey: Guid(b13a4cf2fddf68e4ab8b83e5c7f5ca2c) Importer(815301076,1909f56bfc062723c751e8b465ee728b)
Start importing Assets/Healthbar-Example/NewObject-1-10.png using Guid(b13a4cf2fddf68e4ab8b83e5c7f5ca2c) Importer(815301076,1909f56bfc062723c751e8b465ee728b)  -> (artifact id: 'b05e1958069cc3bd2bc30ac6b4f7cbc8') in 0.044713 seconds 
  Import took 0.048017 seconds .

========================================================================
Received Import Request.
  Time since last request: 0.000188 seconds.
  path: Assets/Healthbar-Example/NewObject-1-15.png
  artifactKey: Guid(32ee677c9eb5de94e9e0333c257377b3) Importer(815301076,1909f56bfc062723c751e8b465ee728b)
Start importing Assets/Healthbar-Example/NewObject-1-15.png using Guid(32ee677c9eb5de94e9e0333c257377b3) Importer(815301076,1909f56bfc062723c751e8b465ee728b)  -> (artifact id: 'f1205ff037d9a951112c1b9dfcdeba52') in 0.037891 seconds 
  Import took 0.088615 seconds .

========================================================================
Received Import Request.
  Time since last request: 0.000155 seconds.
  path: Assets/Healthbar-Example/NewObject-1-2.png
  artifactKey: Guid(d9973cd49e9adf3458df6bc6ea8c18dc) Importer(815301076,1909f56bfc062723c751e8b465ee728b)
Start importing Assets/Healthbar-Example/NewObject-1-2.png using Guid(d9973cd49e9adf3458df6bc6ea8c18dc) Importer(815301076,1909f56bfc062723c751e8b465ee728b)  -> (artifact id: '966d74c6d5349c0c0788de4b6622e262') in 0.051426 seconds 
  Import took 0.054926 seconds .

========================================================================
Received Import Request.
  Time since last request: 0.000154 seconds.
  path: Assets/Healthbar-Example/NewObject-1-5.png
  artifactKey: Guid(f2b8cc0f1335ed44d94e088d9f12940f) Importer(815301076,1909f56bfc062723c751e8b465ee728b)
Start importing Assets/Healthbar-Example/NewObject-1-5.png using Guid(f2b8cc0f1335ed44d94e088d9f12940f) Importer(815301076,1909f56bfc062723c751e8b465ee728b)  -> (artifact id: '6d088186668f6cd6e48fa7f43eedbd2a') in 0.052768 seconds 
  Import took 0.082880 seconds .

========================================================================
Received Import Request.
  Time since last request: 0.000215 seconds.
  path: Assets/Healthbar-Example/NewFile-1-1.png
  artifactKey: Guid(104611fc55b3a7d43810552bb02b2014) Importer(815301076,1909f56bfc062723c751e8b465ee728b)
Start importing Assets/Healthbar-Example/NewFile-1-1.png using Guid(104611fc55b3a7d43810552bb02b2014) Importer(815301076,1909f56bfc062723c751e8b465ee728b)  -> (artifact id: 'fc389d9969348d6121657013219a1ad8') in 0.053434 seconds 
  Import took 0.086279 seconds .

========================================================================
Received Import Request.
  Time since last request: 0.000757 seconds.
  path: Assets/Healthbar-Example/NewObject-1-11.png
  artifactKey: Guid(9a99e4ff0d4cda440a484193bfd6d940) Importer(815301076,1909f56bfc062723c751e8b465ee728b)
Start importing Assets/Healthbar-Example/NewObject-1-11.png using Guid(9a99e4ff0d4cda440a484193bfd6d940) Importer(815301076,1909f56bfc062723c751e8b465ee728b)  -> (artifact id: 'b4f6a87a94cd452fe045bd81e6a155d9') in 0.041794 seconds 
  Import took 0.045173 seconds .

========================================================================
Received Import Request.
  Time since last request: 0.000217 seconds.
  path: Assets/Healthbar-Example/NewObject-1-1.png
  artifactKey: Guid(e729dc1058f5a0f4d8148c91befc84f4) Importer(815301076,1909f56bfc062723c751e8b465ee728b)
Start importing Assets/Healthbar-Example/NewObject-1-1.png using Guid(e729dc1058f5a0f4d8148c91befc84f4) Importer(815301076,1909f56bfc062723c751e8b465ee728b)  -> (artifact id: 'ac32e59d90626a5f6c064a5066401302') in 0.037494 seconds 
  Import took 0.041159 seconds .

========================================================================
Received Import Request.
  Time since last request: 0.000251 seconds.
  path: Assets/Healthbar-Example/NewObject-1-0.png
  artifactKey: Guid(547f84a95b17dbc40a84f54b92d03957) Importer(815301076,1909f56bfc062723c751e8b465ee728b)
Start importing Assets/Healthbar-Example/NewObject-1-0.png using Guid(547f84a95b17dbc40a84f54b92d03957) Importer(815301076,1909f56bfc062723c751e8b465ee728b)  -> (artifact id: '019a13ebd0291309adc8f290981e4a71') in 0.037874 seconds 
  Import took 0.041836 seconds .

========================================================================
Received Import Request.
  Time since last request: 0.000233 seconds.
  path: Assets/Healthbar-Example/NewObject-1.png
  artifactKey: Guid(50f68afb3184a24419d76826a4868dc0) Importer(815301076,1909f56bfc062723c751e8b465ee728b)
Start importing Assets/Healthbar-Example/NewObject-1.png using Guid(50f68afb3184a24419d76826a4868dc0) Importer(815301076,1909f56bfc062723c751e8b465ee728b)  -> (artifact id: 'cebb62af8f0fa4e07ef43c5dc677fb38') in 0.052595 seconds 
  Import took 0.087578 seconds .

========================================================================
Received Import Request.
  Time since last request: 0.000170 seconds.
  path: Assets/Healthbar-Example/NewObject-1-12.png
  artifactKey: Guid(ddb85a153fe4b18478228a72fd2c2298) Importer(815301076,1909f56bfc062723c751e8b465ee728b)
Start importing Assets/Healthbar-Example/NewObject-1-12.png using Guid(ddb85a153fe4b18478228a72fd2c2298) Importer(815301076,1909f56bfc062723c751e8b465ee728b)  -> (artifact id: '0b97c494a37bb849a95367b4928c1efa') in 0.040445 seconds 
  Import took 0.067502 seconds .

========================================================================
Received Import Request.
  Time since last request: 0.000212 seconds.
  path: Assets/Healthbar-Example/NewObject-1-16.png
  artifactKey: Guid(00dc8afbb62784f48828de323c504512) Importer(815301076,1909f56bfc062723c751e8b465ee728b)
Start importing Assets/Healthbar-Example/NewObject-1-16.png using Guid(00dc8afbb62784f48828de323c504512) Importer(815301076,1909f56bfc062723c751e8b465ee728b)  -> (artifact id: '2438daaff0a3f626740fb91c9b6bb0c0') in 0.045101 seconds 
  Import took 0.048840 seconds .

========================================================================
Received Import Request.
  Time since last request: 0.000274 seconds.
  path: Assets/Healthbar-Example/NewObject-1-9.png
  artifactKey: Guid(37597e55a8dd35d4e8eed3185452fe87) Importer(815301076,1909f56bfc062723c751e8b465ee728b)
Start importing Assets/Healthbar-Example/NewObject-1-9.png using Guid(37597e55a8dd35d4e8eed3185452fe87) Importer(815301076,1909f56bfc062723c751e8b465ee728b)  -> (artifact id: '43da3528d45dffdfd056c98f52db77ca') in 0.044006 seconds 
  Import took 0.048140 seconds .

========================================================================
Received Import Request.
  Time since last request: 0.000176 seconds.
  path: Assets/Healthbar-Example/NewFile-1.png
  artifactKey: Guid(1060a08ea839c5143ac0aa1761133cb5) Importer(815301076,1909f56bfc062723c751e8b465ee728b)
Start importing Assets/Healthbar-Example/NewFile-1.png using Guid(1060a08ea839c5143ac0aa1761133cb5) Importer(815301076,1909f56bfc062723c751e8b465ee728b)  -> (artifact id: 'bacee09afa3c826c7123d24d3f648380') in 0.032482 seconds 
  Import took 0.035748 seconds .

========================================================================
Received Import Request.
  Time since last request: 5.372380 seconds.
  path: Assets/Environmnent/warped city files/warped city files/ENVIRONMENT/background/buildings-bg.png
  artifactKey: Guid(385d28f6e64d299459c92576bd2715a1) Importer(815301076,1909f56bfc062723c751e8b465ee728b)
Start importing Assets/Environmnent/warped city files/warped city files/ENVIRONMENT/background/buildings-bg.png using Guid(385d28f6e64d299459c92576bd2715a1) Importer(815301076,1909f56bfc062723c751e8b465ee728b)  -> (artifact id: '5248b63170fc608e6f4fe8810a67244d') in 0.015200 seconds 
  Import took 0.051791 seconds .

========================================================================
Received Import Request.
  Time since last request: 0.000403 seconds.
  path: Assets/Environmnent/warped city files/warped city files/ENVIRONMENT/background/skyline-b.png
  artifactKey: Guid(ca3f2589f6ab88c40ae370cbb5f4fdf5) Importer(815301076,1909f56bfc062723c751e8b465ee728b)
Start importing Assets/Environmnent/warped city files/warped city files/ENVIRONMENT/background/skyline-b.png using Guid(ca3f2589f6ab88c40ae370cbb5f4fdf5) Importer(815301076,1909f56bfc062723c751e8b465ee728b)  -> (artifact id: '59fd13544a249791ae6b9014b3e16267') in 0.026158 seconds 
  Import took 0.078304 seconds .

========================================================================
Received Import Request.
  Time since last request: 0.000219 seconds.
  path: Assets/Environmnent/warped city files/warped city files/ENVIRONMENT/background/near-buildings-bg.png
  artifactKey: Guid(587a75d29289e234caffc255950725e4) Importer(815301076,1909f56bfc062723c751e8b465ee728b)
Start importing Assets/Environmnent/warped city files/warped city files/ENVIRONMENT/background/near-buildings-bg.png using Guid(587a75d29289e234caffc255950725e4) Importer(815301076,1909f56bfc062723c751e8b465ee728b)  -> (artifact id: '05dddf40e772cf29f01a412a92e7ead6') in 0.056485 seconds 
  Import took 0.090728 seconds .

========================================================================
Received Import Request.
  Time since last request: 0.000340 seconds.
  path: Assets/Environmnent/warped city files/warped city files/ENVIRONMENT/background/skyline-a.png
  artifactKey: Guid(e225f0447e952f54a8fbec58d3e75b70) Importer(815301076,1909f56bfc062723c751e8b465ee728b)
Start importing Assets/Environmnent/warped city files/warped city files/ENVIRONMENT/background/skyline-a.png using Guid(e225f0447e952f54a8fbec58d3e75b70) Importer(815301076,1909f56bfc062723c751e8b465ee728b)  -> (artifact id: '56fea4a6991aa28ccde6eeed4ef68078') in 0.019121 seconds 
  Import took 0.025438 seconds .

========================================================================
Received Import Request.
  Time since last request: 3.314695 seconds.
  path: Assets/Environmnent/warped city files/warped city files/ENVIRONMENT/tileset.png
  artifactKey: Guid(09477ed445f40ca47ad543dea34d06fc) Importer(815301076,1909f56bfc062723c751e8b465ee728b)
Start importing Assets/Environmnent/warped city files/warped city files/ENVIRONMENT/tileset.png using Guid(09477ed445f40ca47ad543dea34d06fc) Importer(815301076,1909f56bfc062723c751e8b465ee728b)  -> (artifact id: 'c91d3af4a73a00ed8d76b9b1a65915ea') in 0.088877 seconds 
  Import took 0.092929 seconds .

========================================================================
Received Import Request.
  Time since last request: 11.775254 seconds.
  path: Assets/Environmnent/warped city files/warped city files/ENVIRONMENT/background
  artifactKey: Guid(21f44d94f3d9cf842acb7d0a671a229f) Importer(815301076,1909f56bfc062723c751e8b465ee728b)
Start importing Assets/Environmnent/warped city files/warped city files/ENVIRONMENT/background using Guid(21f44d94f3d9cf842acb7d0a671a229f) Importer(815301076,1909f56bfc062723c751e8b465ee728b)  -> (artifact id: '20d45a93b5658ead6c2c12117d2e4c66') in 0.013020 seconds 
  Import took 0.019271 seconds .

========================================================================
Received Import Request.
  Time since last request: 84.201080 seconds.
  path: Assets/Animation/EnemyCop_idle2.controller
  artifactKey: Guid(24fa3bab4ec627042a3385d80797f327) Importer(815301076,1909f56bfc062723c751e8b465ee728b)
Start importing Assets/Animation/EnemyCop_idle2.controller using Guid(24fa3bab4ec627042a3385d80797f327) Importer(815301076,1909f56bfc062723c751e8b465ee728b)  -> (artifact id: 'a52b476b8a69fcb06c619023d8160f80') in 0.015043 seconds 
  Import took 0.067104 seconds .

========================================================================
Received Import Request.
  Time since last request: 123.993308 seconds.
  path: Assets/Environmnent/warped city files/warped city files/ENVIRONMENT/props/antenna.png
  artifactKey: Guid(fa830850155d3234c8a95e2df2f2995e) Importer(815301076,1909f56bfc062723c751e8b465ee728b)
Start importing Assets/Environmnent/warped city files/warped city files/ENVIRONMENT/props/antenna.png using Guid(fa830850155d3234c8a95e2df2f2995e) Importer(815301076,1909f56bfc062723c751e8b465ee728b)  -> (artifact id: '5023c012ecd40d9dfe67da54441d0c6a') in 2.248646 seconds 
  Import took 2.340456 seconds .

========================================================================
Received Import Request.
  Time since last request: 0.000293 seconds.
  path: Assets/Environmnent/warped city files/warped city files/ENVIRONMENT/props/control-box-2.png
  artifactKey: Guid(5e3a4cbd13dd9c74388107a3a1434f2e) Importer(815301076,1909f56bfc062723c751e8b465ee728b)
Start importing Assets/Environmnent/warped city files/warped city files/ENVIRONMENT/props/control-box-2.png using Guid(5e3a4cbd13dd9c74388107a3a1434f2e) Importer(815301076,1909f56bfc062723c751e8b465ee728b)  -> (artifact id: '11615c4466bf126b08934195d00b9e53') in 0.054641 seconds 
  Import took 0.096389 seconds .

========================================================================
Received Import Request.
  Time since last request: 0.000208 seconds.
  path: Assets/Environmnent/warped city files/warped city files/ENVIRONMENT/props/banner-open.png
  artifactKey: Guid(9694e5735226e0346862a0f4b9e8c59c) Importer(815301076,1909f56bfc062723c751e8b465ee728b)
Start importing Assets/Environmnent/warped city files/warped city files/ENVIRONMENT/props/banner-open.png using Guid(9694e5735226e0346862a0f4b9e8c59c) Importer(815301076,1909f56bfc062723c751e8b465ee728b)  -> (artifact id: '46ba311cc98d5790e54aacfebd7f9f49') in 0.062642 seconds 
  Import took 0.066106 seconds .

========================================================================
Received Import Request.
  Time since last request: 0.000357 seconds.
  path: Assets/Environmnent/warped city files/warped city files/ENVIRONMENT/props/banner-small.png
  artifactKey: Guid(90431cef3f9811e49a1c8353d02f57b4) Importer(815301076,1909f56bfc062723c751e8b465ee728b)
Start importing Assets/Environmnent/warped city files/warped city files/ENVIRONMENT/props/banner-small.png using Guid(90431cef3f9811e49a1c8353d02f57b4) Importer(815301076,1909f56bfc062723c751e8b465ee728b)  -> (artifact id: '771646164c13e0b9ffba43df049552aa') in 0.042920 seconds 
  Import took 0.090732 seconds .

========================================================================
Received Import Request.
  Time since last request: 0.000178 seconds.
  path: Assets/Environmnent/warped city files/warped city files/ENVIRONMENT/props/banner-floor.png
  artifactKey: Guid(0e18fddb07c421146b97f1bade7f897f) Importer(815301076,1909f56bfc062723c751e8b465ee728b)
Start importing Assets/Environmnent/warped city files/warped city files/ENVIRONMENT/props/banner-floor.png using Guid(0e18fddb07c421146b97f1bade7f897f) Importer(815301076,1909f56bfc062723c751e8b465ee728b)  -> (artifact id: '2921194053dae7fe4ebfcc69aa70def1') in 0.047492 seconds 
  Import took 0.067106 seconds .

========================================================================
Received Import Request.
  Time since last request: 0.000513 seconds.
  path: Assets/Environmnent/warped city files/warped city files/ENVIRONMENT/props/hotel-sign.png
  artifactKey: Guid(b332c40864448654686d79898952b343) Importer(815301076,1909f56bfc062723c751e8b465ee728b)
Start importing Assets/Environmnent/warped city files/warped city files/ENVIRONMENT/props/hotel-sign.png using Guid(b332c40864448654686d79898952b343) Importer(815301076,1909f56bfc062723c751e8b465ee728b)  -> (artifact id: 'e93c26d7d9661ca91babc05095a898a6') in 0.109738 seconds 
  Import took 0.115265 seconds .

========================================================================
Received Import Request.
  Time since last request: 0.000280 seconds.
  path: Assets/Environmnent/warped city files/warped city files/ENVIRONMENT/props/control-box-1.png
  artifactKey: Guid(85fb69886ae4b9a45816b0aab3cac589) Importer(815301076,1909f56bfc062723c751e8b465ee728b)
Start importing Assets/Environmnent/warped city files/warped city files/ENVIRONMENT/props/control-box-1.png using Guid(85fb69886ae4b9a45816b0aab3cac589) Importer(815301076,1909f56bfc062723c751e8b465ee728b)  -> (artifact id: '2044ad0d4943d3aeef6fb18deaf86382') in 0.049043 seconds 
  Import took 0.069103 seconds .

========================================================================
Received Import Request.
  Time since last request: 0.000230 seconds.
  path: Assets/Environmnent/warped city files/warped city files/ENVIRONMENT/props/banners.png
  artifactKey: Guid(54ba16df5d967df49bb2ea7f59027425) Importer(815301076,1909f56bfc062723c751e8b465ee728b)
Start importing Assets/Environmnent/warped city files/warped city files/ENVIRONMENT/props/banners.png using Guid(54ba16df5d967df49bb2ea7f59027425) Importer(815301076,1909f56bfc062723c751e8b465ee728b)  -> (artifact id: 'c3a4637752dd0b035002ad5dbac9611d') in 0.049630 seconds 
  Import took 0.053642 seconds .

========================================================================
Received Import Request.
  Time since last request: 0.000203 seconds.
  path: Assets/Environmnent/warped city files/warped city files/ENVIRONMENT/props/control-box-3.png
  artifactKey: Guid(7e5798173a58ba745812abae9bea468f) Importer(815301076,1909f56bfc062723c751e8b465ee728b)
Start importing Assets/Environmnent/warped city files/warped city files/ENVIRONMENT/props/control-box-3.png using Guid(7e5798173a58ba745812abae9bea468f) Importer(815301076,1909f56bfc062723c751e8b465ee728b)  -> (artifact id: '32a28c7fcb1167e6ea6a4f18cd67bcd5') in 0.057716 seconds 
  Import took 0.078115 seconds .

========================================================================
Received Import Request.
  Time since last request: 0.000204 seconds.
  path: Assets/Environmnent/warped city files/warped city files/ENVIRONMENT/props/banner-arrow.png
  artifactKey: Guid(2f9edb7b1c7c4cf4895d665831ad03dd) Importer(815301076,1909f56bfc062723c751e8b465ee728b)
Start importing Assets/Environmnent/warped city files/warped city files/ENVIRONMENT/props/banner-arrow.png using Guid(2f9edb7b1c7c4cf4895d665831ad03dd) Importer(815301076,1909f56bfc062723c751e8b465ee728b)  -> (artifact id: 'd3d354ea264b7475ba2e765ca8498ae3') in 0.052505 seconds 
  Import took 0.055961 seconds .

========================================================================
Received Import Request.
  Time since last request: 36.647146 seconds.
  path: ProjectSettings/TagManager.asset
  artifactKey: Guid(00000000000000003000000000000000) Importer(815301076,1909f56bfc062723c751e8b465ee728b)
Start importing ProjectSettings/TagManager.asset using Guid(00000000000000003000000000000000) Importer(815301076,1909f56bfc062723c751e8b465ee728b)  -> (artifact id: '2f317f26e8e4baac7721eccb94515dfb') in 0.010231 seconds 
  Import took 0.064127 seconds .

========================================================================
Received Import Request.
  Time since last request: 275.430061 seconds.
  path: Assets/GScenes/Intro.unity
  artifactKey: Guid(603e72ab1ace5cf47bc127678947688c) Importer(815301076,1909f56bfc062723c751e8b465ee728b)
Start importing Assets/GScenes/Intro.unity using Guid(603e72ab1ace5cf47bc127678947688c) Importer(815301076,1909f56bfc062723c751e8b465ee728b)  -> (artifact id: '8f34906a2b917ef7199ab10b87f76190') in 0.012285 seconds 
  Import took 0.017398 seconds .

========================================================================
Received Import Request.
  Time since last request: 16.757553 seconds.
  path: Assets/GScenes/Lv2.unity
  artifactKey: Guid(4dfa51c292ae1a74098e612d4ec3cbde) Importer(815301076,1909f56bfc062723c751e8b465ee728b)
Start importing Assets/GScenes/Lv2.unity using Guid(4dfa51c292ae1a74098e612d4ec3cbde) Importer(815301076,1909f56bfc062723c751e8b465ee728b)  -> (artifact id: 'f1fdbcd8fef1b44cfe2cc76840251e89') in 0.005556 seconds 
  Import took 0.036417 seconds .

========================================================================
Received Import Request.
  Time since last request: 129.146866 seconds.
  path: ProjectSettings/TagManager.asset
  artifactKey: Guid(00000000000000003000000000000000) Importer(815301076,1909f56bfc062723c751e8b465ee728b)
Start importing ProjectSettings/TagManager.asset using Guid(00000000000000003000000000000000) Importer(815301076,1909f56bfc062723c751e8b465ee728b)  -> (artifact id: 'cda6671852da55bf4610b2ce30ace43c') in 0.005255 seconds 
  Import took 0.026180 seconds .

========================================================================
Received Import Request.
  Time since last request: 508.309481 seconds.
  path: Assets/Environmnent/warped city files/warped city files/ENVIRONMENT/props
  artifactKey: Guid(e354e649e2584e24e90ee9ab38277ecc) Importer(815301076,1909f56bfc062723c751e8b465ee728b)
Start importing Assets/Environmnent/warped city files/warped city files/ENVIRONMENT/props using Guid(e354e649e2584e24e90ee9ab38277ecc) Importer(815301076,1909f56bfc062723c751e8b465ee728b)  -> (artifact id: '5bc103dbe29c8c4c30aabc92f87174d6') in 0.016221 seconds 
  Import took 2.271811 seconds .

========================================================================
Received Import Request.
  Time since last request: 122.548712 seconds.
  path: Assets/Environmnent/warped city files/warped city files/ENVIRONMENT/tileset.png
  artifactKey: Guid(09477ed445f40ca47ad543dea34d06fc) Importer(815301076,1909f56bfc062723c751e8b465ee728b)
Start importing Assets/Environmnent/warped city files/warped city files/ENVIRONMENT/tileset.png using Guid(09477ed445f40ca47ad543dea34d06fc) Importer(815301076,1909f56bfc062723c751e8b465ee728b)  -> (artifact id: '9edf883ed8bc3ac3441787fe3dccfa1b') in 0.108313 seconds 
  Import took 0.135635 seconds .

========================================================================
Received Import Request.
  Time since last request: 691.250692 seconds.
  path: Assets/Environmnent/warped city files/warped city files/ENVIRONMENT/tileset.png
  artifactKey: Guid(09477ed445f40ca47ad543dea34d06fc) Importer(815301076,1909f56bfc062723c751e8b465ee728b)
Start importing Assets/Environmnent/warped city files/warped city files/ENVIRONMENT/tileset.png using Guid(09477ed445f40ca47ad543dea34d06fc) Importer(815301076,1909f56bfc062723c751e8b465ee728b)  -> (artifact id: '12a3b0e2f43af4eeaba3e24c2c6260ce') in 0.146615 seconds 
  Import took 0.191199 seconds .

AssetImportWorkerClient::OnTransportError - code=2 error=End of file
